{"D:\\Personal\\DrooUI\\src\\index.ts": {"path":"D:\\Personal\\DrooUI\\src\\index.ts","statementMap":{"0":{"start":{"line":1,"column":0},"end":{"line":1,"column":9}},"1":{"start":{"line":1,"column":9},"end":{"line":1,"column":28}}},"fnMap":{"0":{"name":"(anonymous_0)","decl":{"start":{"line":1,"column":9},"end":{"line":1,"column":12}},"loc":{"start":{"line":1,"column":9},"end":{"line":1,"column":28}}}},"branchMap":{},"s":{"0":1,"1":2},"f":{"0":1},"b":{}}
,"D:\\Personal\\DrooUI\\src\\sum.ts": {"path":"D:\\Personal\\DrooUI\\src\\sum.ts","statementMap":{"0":{"start":{"line":1,"column":13},"end":{"line":1,"column":59}},"1":{"start":{"line":1,"column":53},"end":{"line":1,"column":59}}},"fnMap":{"0":{"name":"(anonymous_0)","decl":{"start":{"line":1,"column":19},"end":{"line":1,"column":20}},"loc":{"start":{"line":1,"column":40},"end":{"line":1,"column":54}}}},"branchMap":{},"s":{"0":1,"1":1},"f":{"0":1},"b":{}}
}
